<?xml version="1.0" encoding="UTF-8"?>
<!-- Generated by org.testng.reporters.JUnitReportReporter -->
<testsuite skipped="0" hostname="kixs-Air-2.fios-router.home" name="landing.ClickShopEaster" tests="1" failures="0" timestamp="2021-03-27T21:37:03 EDT" time="19.237" errors="0">
  <testcase name="Easter" time="19.237" classname="landing.ClickShopEaster"/>
  <system-out/>
</testsuite> <!-- landing.ClickShopEaster -->
