<?xml version="1.0" encoding="UTF-8"?>
<!-- Generated by org.testng.reporters.JUnitReportReporter -->
<testsuite skipped="0" hostname="kixs-Air-2.fios-router.home" name="landing.Search" tests="1" failures="0" timestamp="2021-03-27T21:37:03 EDT" time="13.401" errors="0">
  <testcase name="search" time="13.401" classname="landing.Search"/>
  <system-out/>
</testsuite> <!-- landing.Search -->
