<?xml version="1.0" encoding="UTF-8"?>
<testsuite xmlns:xsi="http://www.w3.org/2001/XMLSchema-instance" xsi:noNamespaceSchemaLocation="https://maven.apache.org/surefire/maven-surefire-plugin/xsd/surefire-test-report-3.0.xsd" version="3.0" name="TestSuite" time="33.629" tests="2" errors="0" skipped="0" failures="0">
  <properties>
    <property name="gopherProxySet" value="false"/>
    <property name="awt.toolkit" value="sun.lwawt.macosx.LWCToolkit"/>
    <property name="file.encoding.pkg" value="sun.io"/>
    <property name="java.specification.version" value="1.8"/>
    <property name="sun.cpu.isalist" value=""/>
    <property name="sun.jnu.encoding" value="UTF-8"/>
    <property name="java.class.path" value="/Users/berrykix/development/SDETJanuary2021Algo/MavenHomework2021/target/test-classes:/Users/berrykix/development/SDETJanuary2021Algo/MavenHomework2021/target/classes:/Users/berrykix/.m2/repository/org/testng/testng/7.4.0/testng-7.4.0.jar:/Users/berrykix/.m2/repository/com/beust/jcommander/1.78/jcommander-1.78.jar:/Users/berrykix/.m2/repository/org/webjars/jquery/3.5.1/jquery-3.5.1.jar:/Users/berrykix/.m2/repository/org/seleniumhq/selenium/selenium-server/3.141.59/selenium-server-3.141.59.jar:/Users/berrykix/.m2/repository/org/seleniumhq/selenium/selenium-java/3.141.59/selenium-java-3.141.59.jar:/Users/berrykix/.m2/repository/org/seleniumhq/selenium/selenium-api/3.141.59/selenium-api-3.141.59.jar:/Users/berrykix/.m2/repository/org/seleniumhq/selenium/selenium-edge-driver/3.141.59/selenium-edge-driver-3.141.59.jar:/Users/berrykix/.m2/repository/org/seleniumhq/selenium/selenium-ie-driver/3.141.59/selenium-ie-driver-3.141.59.jar:/Users/berrykix/.m2/repository/org/seleniumhq/selenium/selenium-opera-driver/3.141.59/selenium-opera-driver-3.141.59.jar:/Users/berrykix/.m2/repository/org/seleniumhq/selenium/selenium-remote-driver/3.141.59/selenium-remote-driver-3.141.59.jar:/Users/berrykix/.m2/repository/org/seleniumhq/selenium/selenium-safari-driver/3.141.59/selenium-safari-driver-3.141.59.jar:/Users/berrykix/.m2/repository/org/seleniumhq/selenium/selenium-support/3.141.59/selenium-support-3.141.59.jar:/Users/berrykix/.m2/repository/net/bytebuddy/byte-buddy/1.8.15/byte-buddy-1.8.15.jar:/Users/berrykix/.m2/repository/org/apache/commons/commons-exec/1.3/commons-exec-1.3.jar:/Users/berrykix/.m2/repository/com/google/guava/guava/25.0-jre/guava-25.0-jre.jar:/Users/berrykix/.m2/repository/com/google/code/findbugs/jsr305/1.3.9/jsr305-1.3.9.jar:/Users/berrykix/.m2/repository/org/checkerframework/checker-compat-qual/2.0.0/checker-compat-qual-2.0.0.jar:/Users/berrykix/.m2/repository/com/google/errorprone/error_prone_annotations/2.1.3/error_prone_annotations-2.1.3.jar:/Users/berrykix/.m2/repository/com/google/j2objc/j2objc-annotations/1.1/j2objc-annotations-1.1.jar:/Users/berrykix/.m2/repository/org/codehaus/mojo/animal-sniffer-annotations/1.14/animal-sniffer-annotations-1.14.jar:/Users/berrykix/.m2/repository/net/jcip/jcip-annotations/1.0/jcip-annotations-1.0.jar:/Users/berrykix/.m2/repository/org/seleniumhq/selenium/jetty-repacked/9.4.12.v20180830/jetty-repacked-9.4.12.v20180830.jar:/Users/berrykix/.m2/repository/com/squareup/okhttp3/okhttp/3.11.0/okhttp-3.11.0.jar:/Users/berrykix/.m2/repository/com/squareup/okio/okio/1.14.0/okio-1.14.0.jar:/Users/berrykix/.m2/repository/javax/servlet/javax.servlet-api/3.1.0/javax.servlet-api-3.1.0.jar:/Users/berrykix/.m2/repository/org/yaml/snakeyaml/1.19/snakeyaml-1.19.jar:/Users/berrykix/.m2/repository/org/seleniumhq/selenium/selenium-chrome-driver/3.141.59/selenium-chrome-driver-3.141.59.jar:/Users/berrykix/.m2/repository/org/seleniumhq/selenium/selenium-firefox-driver/3.141.59/selenium-firefox-driver-3.141.59.jar:"/>
    <property name="java.vm.vendor" value="Amazon.com Inc."/>
    <property name="sun.arch.data.model" value="64"/>
    <property name="java.vendor.url" value="https://aws.amazon.com/corretto/"/>
    <property name="user.timezone" value=""/>
    <property name="java.vm.specification.version" value="1.8"/>
    <property name="os.name" value="Mac OS X"/>
    <property name="user.country" value="US"/>
    <property name="sun.java.launcher" value="SUN_STANDARD"/>
    <property name="sun.boot.library.path" value="/Users/berrykix/Library/Java/JavaVirtualMachines/corretto-1.8.0_282/Contents/Home/jre/lib"/>
    <property name="sun.java.command" value="/Users/berrykix/development/SDETJanuary2021Algo/MavenHomework2021/target/surefire/surefirebooter5382802654275642711.jar /Users/berrykix/development/SDETJanuary2021Algo/MavenHomework2021/target/surefire 2021-03-27T21-36-28_595-jvmRun1 surefire3998655348392638603tmp surefire_03814487412286482386tmp"/>
    <property name="http.nonProxyHosts" value="local|*.local|169.254/16|*.169.254/16"/>
    <property name="surefire.test.class.path" value="/Users/berrykix/development/SDETJanuary2021Algo/MavenHomework2021/target/test-classes:/Users/berrykix/development/SDETJanuary2021Algo/MavenHomework2021/target/classes:/Users/berrykix/.m2/repository/org/testng/testng/7.4.0/testng-7.4.0.jar:/Users/berrykix/.m2/repository/com/beust/jcommander/1.78/jcommander-1.78.jar:/Users/berrykix/.m2/repository/org/webjars/jquery/3.5.1/jquery-3.5.1.jar:/Users/berrykix/.m2/repository/org/seleniumhq/selenium/selenium-server/3.141.59/selenium-server-3.141.59.jar:/Users/berrykix/.m2/repository/org/seleniumhq/selenium/selenium-java/3.141.59/selenium-java-3.141.59.jar:/Users/berrykix/.m2/repository/org/seleniumhq/selenium/selenium-api/3.141.59/selenium-api-3.141.59.jar:/Users/berrykix/.m2/repository/org/seleniumhq/selenium/selenium-edge-driver/3.141.59/selenium-edge-driver-3.141.59.jar:/Users/berrykix/.m2/repository/org/seleniumhq/selenium/selenium-ie-driver/3.141.59/selenium-ie-driver-3.141.59.jar:/Users/berrykix/.m2/repository/org/seleniumhq/selenium/selenium-opera-driver/3.141.59/selenium-opera-driver-3.141.59.jar:/Users/berrykix/.m2/repository/org/seleniumhq/selenium/selenium-remote-driver/3.141.59/selenium-remote-driver-3.141.59.jar:/Users/berrykix/.m2/repository/org/seleniumhq/selenium/selenium-safari-driver/3.141.59/selenium-safari-driver-3.141.59.jar:/Users/berrykix/.m2/repository/org/seleniumhq/selenium/selenium-support/3.141.59/selenium-support-3.141.59.jar:/Users/berrykix/.m2/repository/net/bytebuddy/byte-buddy/1.8.15/byte-buddy-1.8.15.jar:/Users/berrykix/.m2/repository/org/apache/commons/commons-exec/1.3/commons-exec-1.3.jar:/Users/berrykix/.m2/repository/com/google/guava/guava/25.0-jre/guava-25.0-jre.jar:/Users/berrykix/.m2/repository/com/google/code/findbugs/jsr305/1.3.9/jsr305-1.3.9.jar:/Users/berrykix/.m2/repository/org/checkerframework/checker-compat-qual/2.0.0/checker-compat-qual-2.0.0.jar:/Users/berrykix/.m2/repository/com/google/errorprone/error_prone_annotations/2.1.3/error_prone_annotations-2.1.3.jar:/Users/berrykix/.m2/repository/com/google/j2objc/j2objc-annotations/1.1/j2objc-annotations-1.1.jar:/Users/berrykix/.m2/repository/org/codehaus/mojo/animal-sniffer-annotations/1.14/animal-sniffer-annotations-1.14.jar:/Users/berrykix/.m2/repository/net/jcip/jcip-annotations/1.0/jcip-annotations-1.0.jar:/Users/berrykix/.m2/repository/org/seleniumhq/selenium/jetty-repacked/9.4.12.v20180830/jetty-repacked-9.4.12.v20180830.jar:/Users/berrykix/.m2/repository/com/squareup/okhttp3/okhttp/3.11.0/okhttp-3.11.0.jar:/Users/berrykix/.m2/repository/com/squareup/okio/okio/1.14.0/okio-1.14.0.jar:/Users/berrykix/.m2/repository/javax/servlet/javax.servlet-api/3.1.0/javax.servlet-api-3.1.0.jar:/Users/berrykix/.m2/repository/org/yaml/snakeyaml/1.19/snakeyaml-1.19.jar:/Users/berrykix/.m2/repository/org/seleniumhq/selenium/selenium-chrome-driver/3.141.59/selenium-chrome-driver-3.141.59.jar:/Users/berrykix/.m2/repository/org/seleniumhq/selenium/selenium-firefox-driver/3.141.59/selenium-firefox-driver-3.141.59.jar:"/>
    <property name="sun.cpu.endian" value="little"/>
    <property name="user.home" value="/Users/berrykix"/>
    <property name="user.language" value="en"/>
    <property name="java.specification.vendor" value="Oracle Corporation"/>
    <property name="java.home" value="/Users/berrykix/Library/Java/JavaVirtualMachines/corretto-1.8.0_282/Contents/Home/jre"/>
    <property name="basedir" value="/Users/berrykix/development/SDETJanuary2021Algo/MavenHomework2021"/>
    <property name="file.separator" value="/"/>
    <property name="line.separator" value="&#10;"/>
    <property name="java.vm.specification.vendor" value="Oracle Corporation"/>
    <property name="java.specification.name" value="Java Platform API Specification"/>
    <property name="java.awt.graphicsenv" value="sun.awt.CGraphicsEnvironment"/>
    <property name="surefire.real.class.path" value="/Users/berrykix/development/SDETJanuary2021Algo/MavenHomework2021/target/surefire/surefirebooter5382802654275642711.jar"/>
    <property name="sun.boot.class.path" value="/Users/berrykix/Library/Java/JavaVirtualMachines/corretto-1.8.0_282/Contents/Home/jre/lib/resources.jar:/Users/berrykix/Library/Java/JavaVirtualMachines/corretto-1.8.0_282/Contents/Home/jre/lib/rt.jar:/Users/berrykix/Library/Java/JavaVirtualMachines/corretto-1.8.0_282/Contents/Home/jre/lib/sunrsasign.jar:/Users/berrykix/Library/Java/JavaVirtualMachines/corretto-1.8.0_282/Contents/Home/jre/lib/jsse.jar:/Users/berrykix/Library/Java/JavaVirtualMachines/corretto-1.8.0_282/Contents/Home/jre/lib/jce.jar:/Users/berrykix/Library/Java/JavaVirtualMachines/corretto-1.8.0_282/Contents/Home/jre/lib/charsets.jar:/Users/berrykix/Library/Java/JavaVirtualMachines/corretto-1.8.0_282/Contents/Home/jre/lib/jfr.jar:/Users/berrykix/Library/Java/JavaVirtualMachines/corretto-1.8.0_282/Contents/Home/jre/classes"/>
    <property name="sun.management.compiler" value="HotSpot 64-Bit Tiered Compilers"/>
    <property name="ftp.nonProxyHosts" value="local|*.local|169.254/16|*.169.254/16"/>
    <property name="java.runtime.version" value="1.8.0_282-b08"/>
    <property name="user.name" value="berrykix"/>
    <property name="path.separator" value=":"/>
    <property name="os.version" value="10.16"/>
    <property name="java.endorsed.dirs" value="/Users/berrykix/Library/Java/JavaVirtualMachines/corretto-1.8.0_282/Contents/Home/jre/lib/endorsed"/>
    <property name="java.runtime.name" value="OpenJDK Runtime Environment"/>
    <property name="file.encoding" value="UTF-8"/>
    <property name="java.vm.name" value="OpenJDK 64-Bit Server VM"/>
    <property name="localRepository" value="/Users/berrykix/.m2/repository"/>
    <property name="java.vendor.url.bug" value="https://github.com/corretto/corretto-8/issues/"/>
    <property name="java.io.tmpdir" value="/var/folders/c4/tn997tk158b0231sbd9gj_sw0000gn/T/"/>
    <property name="idea.version" value="2020.3.3"/>
    <property name="java.version" value="1.8.0_282"/>
    <property name="user.dir" value="/Users/berrykix/development/SDETJanuary2021Algo/MavenHomework2021"/>
    <property name="os.arch" value="x86_64"/>
    <property name="java.vm.specification.name" value="Java Virtual Machine Specification"/>
    <property name="java.awt.printerjob" value="sun.lwawt.macosx.CPrinterJob"/>
    <property name="sun.os.patch.level" value="unknown"/>
    <property name="java.library.path" value="/Users/berrykix/Library/Java/Extensions:/Library/Java/Extensions:/Network/Library/Java/Extensions:/System/Library/Java/Extensions:/usr/lib/java:."/>
    <property name="java.vm.info" value="mixed mode"/>
    <property name="java.vendor" value="Amazon.com Inc."/>
    <property name="java.vm.version" value="25.282-b08"/>
    <property name="java.ext.dirs" value="/Users/berrykix/Library/Java/Extensions:/Users/berrykix/Library/Java/JavaVirtualMachines/corretto-1.8.0_282/Contents/Home/jre/lib/ext:/Library/Java/Extensions:/Network/Library/Java/Extensions:/System/Library/Java/Extensions:/usr/lib/java"/>
    <property name="sun.io.unicode.encoding" value="UnicodeBig"/>
    <property name="java.class.version" value="52.0"/>
    <property name="socksNonProxyHosts" value="local|*.local|169.254/16|*.169.254/16"/>
  </properties>
  <testcase name="Easter" classname="landing.ClickShopEaster" time="11.606"/>
  <testcase name="search" classname="landing.Search" time="5.796"/>
</testsuite>